{"meta": {"format": 3, "version": "7.13.4", "timestamp": "2026-03-23T16:10:02.923523", "branch_coverage": false, "show_contexts": false}, "files": {"app\\auth\\__init__.py": {"executed_lines": [], "summary": {"covered_lines": 0, "num_statements": 0, "percent_covered": 100.0, "percent_covered_display": "100", "missing_lines": 0, "excluded_lines": 0, "percent_statements_covered": 100.0, "percent_statements_covered_display": "100"}, "missing_lines": [], "excluded_lines": [], "functions": {"": {"executed_lines": [], "summary": {"covered_lines": 0, "num_statements": 0, "percent_covered": 100.0, "percent_covered_display": "100", "missing_lines": 0, "excluded_lines": 0, "percent_statements_covered": 100.0, "percent_statements_covered_display": "100"}, "missing_lines": [], "excluded_lines": [], "start_line": 1}}, "classes": {"": {"executed_lines": [], "summary": {"covered_lines": 0, "num_statements": 0, "percent_covered": 100.0, "percent_covered_display": "100", "missing_lines": 0, "excluded_lines": 0, "percent_statements_covered": 100.0, "percent_statements_covered_display": "100"}, "missing_lines": [], "excluded_lines": [], "start_line": 1}}}, "app\\auth\\audit.py": {"executed_lines": [12, 14, 15, 16, 17, 18, 20, 23, 24, 25, 26, 27, 28, 29, 30, 31, 32, 35, 45, 66, 75, 76, 78, 79, 82, 84, 85, 86, 87, 89, 90, 103, 104, 105], "summary": {"covered_lines": 34, "num_statements": 34, "percent_covered": 100.0, "percent_covered_display": "100", "missing_lines": 0, "excluded_lines": 0, "percent_statements_covered": 100.0, "percent_statements_covered_display": "100"}, "missing_lines": [], "excluded_lines": [], "functions": {"log_auth_event": {"executed_lines": [66, 75, 76, 78, 79], "summary": {"covered_lines": 5, "num_statements": 5, "percent_covered": 100.0, "percent_covered_display": "100", "missing_lines": 0, "excluded_lines": 0, "percent_statements_covered": 100.0, "percent_statements_covered_display": "100"}, "missing_lines": [], "excluded_lines": [], "start_line": 45}, "_persist": {"executed_lines": [84, 85, 86, 87, 89, 90, 103, 104, 105], "summary": {"covered_lines": 9, "num_statements": 9, "percent_covered": 100.0, "percent_covered_display": "100", "missing_lines": 0, "excluded_lines": 0, "percent_statements_covered": 100.0, "percent_statements_covered_display": "100"}, "missing_lines": [], "excluded_lines": [], "start_line": 82}, "": {"executed_lines": [12, 14, 15, 16, 17, 18, 20, 23, 24, 25, 26, 27, 28, 29, 30, 31, 32, 35, 45, 82], "summary": {"covered_lines": 20, "num_statements": 20, "percent_covered": 100.0, "percent_covered_display": "100", "missing_lines": 0, "excluded_lines": 0, "percent_statements_covered": 100.0, "percent_statements_covered_display": "100"}, "missing_lines": [], "excluded_lines": [], "start_line": 1}}, "classes": {"AuthEvent": {"executed_lines": [], "summary": {"covered_lines": 0, "num_statements": 0, "percent_covered": 100.0, "percent_covered_display": "100", "missing_lines": 0, "excluded_lines": 0, "percent_statements_covered": 100.0, "percent_statements_covered_display": "100"}, "missing_lines": [], "excluded_lines": [], "start_line": 23}, "": {"executed_lines": [12, 14, 15, 16, 17, 18, 20, 23, 24, 25, 26, 27, 28, 29, 30, 31, 32, 35, 45, 66, 75, 76, 78, 79, 82, 84, 85, 86, 87, 89, 90, 103, 104, 105], "summary": {"covered_lines": 34, "num_statements": 34, "percent_covered": 100.0, "percent_covered_display": "100", "missing_lines": 0, "excluded_lines": 0, "percent_statements_covered": 100.0, "percent_statements_covered_display": "100"}, "missing_lines": [], "excluded_lines": [], "start_line": 1}}}, "app\\auth\\auth0.py": {"executed_lines": [3, 4, 5, 7, 8, 10, 12, 14, 15, 16, 17, 20, 23, 25, 26, 27, 41, 42, 43, 46, 48, 49, 50, 63, 64, 65, 67, 68, 69, 70, 72, 75, 82, 84, 85, 87, 90, 91, 94, 95, 96, 100, 101, 102, 105, 107, 109, 113, 114, 115, 116, 117, 118, 119, 121, 122, 123, 125, 127, 128, 130, 131, 133], "summary": {"covered_lines": 63, "num_statements": 64, "percent_covered": 98.4375, "percent_covered_display": "98", "missing_lines": 1, "excluded_lines": 0, "percent_statements_covered": 98.4375, "percent_statements_covered_display": "98"}, "missing_lines": [92], "excluded_lines": [], "functions": {"start_passwordless": {"executed_lines": [25, 26, 27, 41, 42, 43], "summary": {"covered_lines": 6, "num_statements": 6, "percent_covered": 100.0, "percent_covered_display": "100", "missing_lines": 0, "excluded_lines": 0, "percent_statements_covered": 100.0, "percent_statements_covered_display": "100"}, "missing_lines": [], "excluded_lines": [], "start_line": 23}, "verify_passwordless": {"executed_lines": [48, 49, 50, 63, 64, 65, 67, 68, 69, 70, 72], "summary": {"covered_lines": 11, "num_statements": 11, "percent_covered": 100.0, "percent_covered_display": "100", "missing_lines": 0, "excluded_lines": 0, "percent_statements_covered": 100.0, "percent_statements_covered_display": "100"}, "missing_lines": [], "excluded_lines": [], "start_line": 46}, "_get_jwks": {"executed_lines": [82, 84, 85, 87, 90, 91, 94, 95, 96, 100, 101, 102], "summary": {"covered_lines": 12, "num_statements": 13, "percent_covered": 92.3076923076923, "percent_covered_display": "92", "missing_lines": 1, "excluded_lines": 0, "percent_statements_covered": 92.3076923076923, "percent_statements_covered_display": "92"}, "missing_lines": [92], "excluded_lines": [], "start_line": 75}, "_decode_auth0_token": {"executed_lines": [107, 109, 113, 114, 115, 116, 117, 118, 119, 121, 122, 123, 125, 127, 128, 130, 131, 133], "summary": {"covered_lines": 18, "num_statements": 18, "percent_covered": 100.0, "percent_covered_display": "100", "missing_lines": 0, "excluded_lines": 0, "percent_statements_covered": 100.0, "percent_statements_covered_display": "100"}, "missing_lines": [], "excluded_lines": [], "start_line": 105}, "": {"executed_lines": [3, 4, 5, 7, 8, 10, 12, 14, 15, 16, 17, 20, 23, 46, 75, 105], "summary": {"covered_lines": 16, "num_statements": 16, "percent_covered": 100.0, "percent_covered_display": "100", "missing_lines": 0, "excluded_lines": 0, "percent_statements_covered": 100.0, "percent_statements_covered_display": "100"}, "missing_lines": [], "excluded_lines": [], "start_line": 1}}, "classes": {"": {"executed_lines": [3, 4, 5, 7, 8, 10, 12, 14, 15, 16, 17, 20, 23, 25, 26, 27, 41, 42, 43, 46, 48, 49, 50, 63, 64, 65, 67, 68, 69, 70, 72, 75, 82, 84, 85, 87, 90, 91, 94, 95, 96, 100, 101, 102, 105, 107, 109, 113, 114, 115, 116, 117, 118, 119, 121, 122, 123, 125, 127, 128, 130, 131, 133], "summary": {"covered_lines": 63, "num_statements": 64, "percent_covered": 98.4375, "percent_covered_display": "98", "missing_lines": 1, "excluded_lines": 0, "percent_statements_covered": 98.4375, "percent_statements_covered_display": "98"}, "missing_lines": [92], "excluded_lines": [], "start_line": 1}}}, "app\\auth\\auth0_management.py": {"executed_lines": [], "summary": {"covered_lines": 0, "num_statements": 51, "percent_covered": 0.0, "percent_covered_display": "0", "missing_lines": 51, "excluded_lines": 0, "percent_statements_covered": 0.0, "percent_statements_covered_display": "0"}, "missing_lines": [16, 18, 19, 20, 21, 23, 25, 28, 29, 30, 31, 34, 43, 44, 46, 49, 50, 52, 53, 55, 56, 61, 62, 63, 74, 75, 79, 80, 81, 82, 83, 86, 88, 89, 90, 91, 93, 94, 102, 103, 108, 111, 113, 116, 121, 132, 134, 135, 138, 140, 141], "excluded_lines": [], "functions": {"_get_management_token": {"executed_lines": [], "summary": {"covered_lines": 0, "num_statements": 19, "percent_covered": 0.0, "percent_covered_display": "0", "missing_lines": 19, "excluded_lines": 0, "percent_statements_covered": 0.0, "percent_statements_covered_display": "0"}, "missing_lines": [43, 44, 46, 49, 50, 52, 53, 55, 56, 61, 62, 63, 74, 75, 79, 80, 81, 82, 83], "excluded_lines": [], "start_line": 34}, "_mgmt_request": {"executed_lines": [], "summary": {"covered_lines": 0, "num_statements": 9, "percent_covered": 0.0, "percent_covered_display": "0", "missing_lines": 9, "excluded_lines": 0, "percent_statements_covered": 0.0, "percent_statements_covered_display": "0"}, "missing_lines": [88, 89, 90, 91, 93, 94, 102, 103, 108], "excluded_lines": [], "start_line": 86}, "get_auth0_user": {"executed_lines": [], "summary": {"covered_lines": 0, "num_statements": 1, "percent_covered": 0.0, "percent_covered_display": "0", "missing_lines": 1, "excluded_lines": 0, "percent_statements_covered": 0.0, "percent_statements_covered_display": "0"}, "missing_lines": [113], "excluded_lines": [], "start_line": 111}, "create_auth0_user": {"executed_lines": [], "summary": {"covered_lines": 0, "num_statements": 1, "percent_covered": 0.0, "percent_covered_display": "0", "missing_lines": 1, "excluded_lines": 0, "percent_statements_covered": 0.0, "percent_statements_covered_display": "0"}, "missing_lines": [121], "excluded_lines": [], "start_line": 116}, "disable_auth0_user": {"executed_lines": [], "summary": {"covered_lines": 0, "num_statements": 2, "percent_covered": 0.0, "percent_covered_display": "0", "missing_lines": 2, "excluded_lines": 0, "percent_statements_covered": 0.0, "percent_statements_covered_display": "0"}, "missing_lines": [134, 135], "excluded_lines": [], "start_line": 132}, "enable_auth0_user": {"executed_lines": [], "summary": {"covered_lines": 0, "num_statements": 2, "percent_covered": 0.0, "percent_covered_display": "0", "missing_lines": 2, "excluded_lines": 0, "percent_statements_covered": 0.0, "percent_statements_covered_display": "0"}, "missing_lines": [140, 141], "excluded_lines": [], "start_line": 138}, "": {"executed_lines": [], "summary": {"covered_lines": 0, "num_statements": 17, "percent_covered": 0.0, "percent_covered_display": "0", "missing_lines": 17, "excluded_lines": 0, "percent_statements_covered": 0.0, "percent_statements_covered_display": "0"}, "missing_lines": [16, 18, 19, 20, 21, 23, 25, 28, 29, 30, 31, 34, 86, 111, 116, 132, 138], "excluded_lines": [], "start_line": 1}}, "classes": {"": {"executed_lines": [], "summary": {"covered_lines": 0, "num_statements": 51, "percent_covered": 0.0, "percent_covered_display": "0", "missing_lines": 51, "excluded_lines": 0, "percent_statements_covered": 0.0, "percent_statements_covered_display": "0"}, "missing_lines": [16, 18, 19, 20, 21, 23, 25, 28, 29, 30, 31, 34, 43, 44, 46, 49, 50, 52, 53, 55, 56, 61, 62, 63, 74, 75, 79, 80, 81, 82, 83, 86, 88, 89, 90, 91, 93, 94, 102, 103, 108, 111, 113, 116, 121, 132, 134, 135, 138, 140, 141], "excluded_lines": [], "start_line": 1}}}, "app\\auth\\dependencies.py": {"executed_lines": [3, 5, 6, 7, 9, 10, 11, 13, 14, 15, 17, 18, 20, 22, 25, 30, 31, 32, 37, 38, 39, 40, 41, 46, 47, 48, 54, 55, 56, 62, 63, 68, 69, 71, 72, 77, 80, 82, 84, 85, 86, 87, 91, 93, 96, 99, 105, 106, 107, 108, 112, 113, 117], "summary": {"covered_lines": 53, "num_statements": 53, "percent_covered": 100.0, "percent_covered_display": "100", "missing_lines": 0, "excluded_lines": 0, "percent_statements_covered": 100.0, "percent_statements_covered_display": "100"}, "missing_lines": [], "excluded_lines": [], "functions": {"get_current_user": {"executed_lines": [30, 31, 32, 37, 38, 39, 40, 41, 46, 47, 48, 54, 55, 56, 62, 63, 68, 69, 71, 72, 77], "summary": {"covered_lines": 21, "num_statements": 21, "percent_covered": 100.0, "percent_covered_display": "100", "missing_lines": 0, "excluded_lines": 0, "percent_statements_covered": 100.0, "percent_statements_covered_display": "100"}, "missing_lines": [], "excluded_lines": [], "start_line": 25}, "require_role": {"executed_lines": [82, 84, 93], "summary": {"covered_lines": 3, "num_statements": 3, "percent_covered": 100.0, "percent_covered_display": "100", "missing_lines": 0, "excluded_lines": 0, "percent_statements_covered": 100.0, "percent_statements_covered_display": "100"}, "missing_lines": [], "excluded_lines": [], "start_line": 80}, "require_role._check": {"executed_lines": [85, 86, 87, 91], "summary": {"covered_lines": 4, "num_statements": 4, "percent_covered": 100.0, "percent_covered_display": "100", "missing_lines": 0, "excluded_lines": 0, "percent_statements_covered": 100.0, "percent_statements_covered_display": "100"}, "missing_lines": [], "excluded_lines": [], "start_line": 84}, "verify_portfolio_owner": {"executed_lines": [105, 106, 107, 108, 112, 113, 117], "summary": {"covered_lines": 7, "num_statements": 7, "percent_covered": 100.0, "percent_covered_display": "100", "missing_lines": 0, "excluded_lines": 0, "percent_statements_covered": 100.0, "percent_statements_covered_display": "100"}, "missing_lines": [], "excluded_lines": [], "start_line": 99}, "": {"executed_lines": [3, 5, 6, 7, 9, 10, 11, 13, 14, 15, 17, 18, 20, 22, 25, 80, 96, 99], "summary": {"covered_lines": 18, "num_statements": 18, "percent_covered": 100.0, "percent_covered_display": "100", "missing_lines": 0, "excluded_lines": 0, "percent_statements_covered": 100.0, "percent_statements_covered_display": "100"}, "missing_lines": [], "excluded_lines": [], "start_line": 1}}, "classes": {"": {"executed_lines": [3, 5, 6, 7, 9, 10, 11, 13, 14, 15, 17, 18, 20, 22, 25, 30, 31, 32, 37, 38, 39, 40, 41, 46, 47, 48, 54, 55, 56, 62, 63, 68, 69, 71, 72, 77, 80, 82, 84, 85, 86, 87, 91, 93, 96, 99, 105, 106, 107, 108, 112, 113, 117], "summary": {"covered_lines": 53, "num_statements": 53, "percent_covered": 100.0, "percent_covered_display": "100", "missing_lines": 0, "excluded_lines": 0, "percent_statements_covered": 100.0, "percent_statements_covered_display": "100"}, "missing_lines": [], "excluded_lines": [], "start_line": 1}}}, "app\\auth\\jwt.py": {"executed_lines": [3, 4, 6, 8, 10, 11, 14, 15, 16, 17, 25, 28, 29, 30, 31, 32, 33, 35, 36, 38], "summary": {"covered_lines": 20, "num_statements": 20, "percent_covered": 100.0, "percent_covered_display": "100", "missing_lines": 0, "excluded_lines": 0, "percent_statements_covered": 100.0, "percent_statements_covered_display": "100"}, "missing_lines": [], "excluded_lines": [], "functions": {"create_access_token": {"executed_lines": [15, 16, 17, 25], "summary": {"covered_lines": 4, "num_statements": 4, "percent_covered": 100.0, "percent_covered_display": "100", "missing_lines": 0, "excluded_lines": 0, "percent_statements_covered": 100.0, "percent_statements_covered_display": "100"}, "missing_lines": [], "excluded_lines": [], "start_line": 14}, "decode_token": {"executed_lines": [29, 30, 31, 32, 33, 35, 36, 38], "summary": {"covered_lines": 8, "num_statements": 8, "percent_covered": 100.0, "percent_covered_display": "100", "missing_lines": 0, "excluded_lines": 0, "percent_statements_covered": 100.0, "percent_statements_covered_display": "100"}, "missing_lines": [], "excluded_lines": [], "start_line": 28}, "": {"executed_lines": [3, 4, 6, 8, 10, 11, 14, 28], "summary": {"covered_lines": 8, "num_statements": 8, "percent_covered": 100.0, "percent_covered_display": "100", "missing_lines": 0, "excluded_lines": 0, "percent_statements_covered": 100.0, "percent_statements_covered_display": "100"}, "missing_lines": [], "excluded_lines": [], "start_line": 1}}, "classes": {"": {"executed_lines": [3, 4, 6, 8, 10, 11, 14, 15, 16, 17, 25, 28, 29, 30, 31, 32, 33, 35, 36, 38], "summary": {"covered_lines": 20, "num_statements": 20, "percent_covered": 100.0, "percent_covered_display": "100", "missing_lines": 0, "excluded_lines": 0, "percent_statements_covered": 100.0, "percent_statements_covered_display": "100"}, "missing_lines": [], "excluded_lines": [], "start_line": 1}}}, "app\\auth\\jwt_utils.py": {"executed_lines": [3, 5, 6, 8, 10, 12, 15, 16, 17, 18, 19, 22, 23, 24, 25, 26, 27, 29, 30, 32], "summary": {"covered_lines": 20, "num_statements": 20, "percent_covered": 100.0, "percent_covered_display": "100", "missing_lines": 0, "excluded_lines": 0, "percent_statements_covered": 100.0, "percent_statements_covered_display": "100"}, "missing_lines": [], "excluded_lines": [], "functions": {"create_internal_token": {"executed_lines": [16, 17, 18, 19], "summary": {"covered_lines": 4, "num_statements": 4, "percent_covered": 100.0, "percent_covered_display": "100", "missing_lines": 0, "excluded_lines": 0, "percent_statements_covered": 100.0, "percent_statements_covered_display": "100"}, "missing_lines": [], "excluded_lines": [], "start_line": 15}, "verify_internal_token": {"executed_lines": [23, 24, 25, 26, 27, 29, 30, 32], "summary": {"covered_lines": 8, "num_statements": 8, "percent_covered": 100.0, "percent_covered_display": "100", "missing_lines": 0, "excluded_lines": 0, "percent_statements_covered": 100.0, "percent_statements_covered_display": "100"}, "missing_lines": [], "excluded_lines": [], "start_line": 22}, "": {"executed_lines": [3, 5, 6, 8, 10, 12, 15, 22], "summary": {"covered_lines": 8, "num_statements": 8, "percent_covered": 100.0, "percent_covered_display": "100", "missing_lines": 0, "excluded_lines": 0, "percent_statements_covered": 100.0, "percent_statements_covered_display": "100"}, "missing_lines": [], "excluded_lines": [], "start_line": 1}}, "classes": {"": {"executed_lines": [3, 5, 6, 8, 10, 12, 15, 16, 17, 18, 19, 22, 23, 24, 25, 26, 27, 29, 30, 32], "summary": {"covered_lines": 20, "num_statements": 20, "percent_covered": 100.0, "percent_covered_display": "100", "missing_lines": 0, "excluded_lines": 0, "percent_statements_covered": 100.0, "percent_statements_covered_display": "100"}, "missing_lines": [], "excluded_lines": [], "start_line": 1}}}, "app\\auth\\otp_limiter.py": {"executed_lines": [15, 17, 18, 19, 21, 23, 25, 28, 29, 32, 33, 37, 40, 41, 44, 51, 53, 54, 55, 56, 57, 58, 59, 61, 62, 63, 66, 74, 75, 76, 77, 79, 80, 81, 83, 84, 85, 86, 87, 88, 89, 91, 92, 96, 97, 102, 106, 107, 108, 109, 112, 114, 123, 125, 126, 127, 128, 129, 130, 131, 134, 136], "summary": {"covered_lines": 62, "num_statements": 64, "percent_covered": 96.875, "percent_covered_display": "97", "missing_lines": 2, "excluded_lines": 0, "percent_statements_covered": 96.875, "percent_statements_covered_display": "97"}, "missing_lines": [52, 60], "excluded_lines": [], "functions": {"_redis_key": {"executed_lines": [41], "summary": {"covered_lines": 1, "num_statements": 1, "percent_covered": 100.0, "percent_covered_display": "100", "missing_lines": 0, "excluded_lines": 0, "percent_statements_covered": 100.0, "percent_statements_covered_display": "100"}, "missing_lines": [], "excluded_lines": [], "start_line": 40}, "_get_redis": {"executed_lines": [51, 53, 54, 55, 56, 57, 58, 59, 61, 62, 63], "summary": {"covered_lines": 11, "num_statements": 13, "percent_covered": 84.61538461538461, "percent_covered_display": "85", "missing_lines": 2, "excluded_lines": 0, "percent_statements_covered": 84.61538461538461, "percent_statements_covered_display": "85"}, "missing_lines": [52, 60], "excluded_lines": [], "start_line": 44}, "_sliding_window_check": {"executed_lines": [74, 75, 76, 77, 79, 80, 81, 83, 84, 85, 86, 87, 88, 89, 91, 92, 96, 97, 102, 106, 107, 108, 109], "summary": {"covered_lines": 23, "num_statements": 23, "percent_covered": 100.0, "percent_covered_display": "100", "missing_lines": 0, "excluded_lines": 0, "percent_statements_covered": 100.0, "percent_statements_covered_display": "100"}, "missing_lines": [], "excluded_lines": [], "start_line": 66}, "check_otp_rate_limit": {"executed_lines": [114], "summary": {"covered_lines": 1, "num_statements": 1, "percent_covered": 100.0, "percent_covered_display": "100", "missing_lines": 0, "excluded_lines": 0, "percent_statements_covered": 100.0, "percent_statements_covered_display": "100"}, "missing_lines": [], "excluded_lines": [], "start_line": 112}, "reset_otp_rate_limit": {"executed_lines": [125, 126, 127, 128, 129, 130, 131], "summary": {"covered_lines": 7, "num_statements": 7, "percent_covered": 100.0, "percent_covered_display": "100", "missing_lines": 0, "excluded_lines": 0, "percent_statements_covered": 100.0, "percent_statements_covered_display": "100"}, "missing_lines": [], "excluded_lines": [], "start_line": 123}, "check_start_rate_limit": {"executed_lines": [136], "summary": {"covered_lines": 1, "num_statements": 1, "percent_covered": 100.0, "percent_covered_display": "100", "missing_lines": 0, "excluded_lines": 0, "percent_statements_covered": 100.0, "percent_statements_covered_display": "100"}, "missing_lines": [], "excluded_lines": [], "start_line": 134}, "": {"executed_lines": [15, 17, 18, 19, 21, 23, 25, 28, 29, 32, 33, 37, 40, 44, 66, 112, 123, 134], "summary": {"covered_lines": 18, "num_statements": 18, "percent_covered": 100.0, "percent_covered_display": "100", "missing_lines": 0, "excluded_lines": 0, "percent_statements_covered": 100.0, "percent_statements_covered_display": "100"}, "missing_lines": [], "excluded_lines": [], "start_line": 1}}, "classes": {"": {"executed_lines": [15, 17, 18, 19, 21, 23, 25, 28, 29, 32, 33, 37, 40, 41, 44, 51, 53, 54, 55, 56, 57, 58, 59, 61, 62, 63, 66, 74, 75, 76, 77, 79, 80, 81, 83, 84, 85, 86, 87, 88, 89, 91, 92, 96, 97, 102, 106, 107, 108, 109, 112, 114, 123, 125, 126, 127, 128, 129, 130, 131, 134, 136], "summary": {"covered_lines": 62, "num_statements": 64, "percent_covered": 96.875, "percent_covered_display": "97", "missing_lines": 2, "excluded_lines": 0, "percent_statements_covered": 96.875, "percent_statements_covered_display": "97"}, "missing_lines": [52, 60], "excluded_lines": [], "start_line": 1}}}, "app\\auth\\router.py": {"executed_lines": [12, 13, 14, 15, 17, 18, 19, 20, 21, 23, 24, 25, 27, 28, 29, 30, 31, 32, 34, 36, 39, 43, 48, 54, 55, 63, 65, 66, 67, 75, 78, 84, 85, 87, 90, 91, 93, 94, 95, 96, 97, 98, 99, 100, 101, 102, 105, 106, 113, 115, 117, 118, 119, 120, 121, 127, 133, 134, 142, 144, 145, 147, 148, 154, 159, 160, 166, 171, 172, 173, 174, 176, 177, 178, 180, 181, 188, 199, 200, 210, 211, 212, 213, 215, 216, 217, 218, 220, 221, 222, 224, 225, 227, 228, 231, 232, 233, 235, 236, 237, 239, 246, 257, 258, 260, 268, 269, 271, 273, 274, 276, 277, 278, 279, 280, 282, 283, 284, 286, 292, 293, 295, 296, 297], "summary": {"covered_lines": 124, "num_statements": 128, "percent_covered": 96.875, "percent_covered_display": "97", "missing_lines": 4, "excluded_lines": 0, "percent_statements_covered": 96.875, "percent_statements_covered_display": "97"}, "missing_lines": [86, 135, 136, 137], "excluded_lines": [], "functions": {"_cookie_opts": {"executed_lines": [54, 55], "summary": {"covered_lines": 2, "num_statements": 2, "percent_covered": 100.0, "percent_covered_display": "100", "missing_lines": 0, "excluded_lines": 0, "percent_statements_covered": 100.0, "percent_statements_covered_display": "100"}, "missing_lines": [], "excluded_lines": [], "start_line": 48}, "_set_auth_cookies": {"executed_lines": [65, 66, 67, 75], "summary": {"covered_lines": 4, "num_statements": 4, "percent_covered": 100.0, "percent_covered_display": "100", "missing_lines": 0, "excluded_lines": 0, "percent_statements_covered": 100.0, "percent_statements_covered_display": "100"}, "missing_lines": [], "excluded_lines": [], "start_line": 63}, "_client_ip": {"executed_lines": [84, 85, 87], "summary": {"covered_lines": 3, "num_statements": 4, "percent_covered": 75.0, "percent_covered_display": "75", "missing_lines": 1, "excluded_lines": 0, "percent_statements_covered": 75.0, "percent_statements_covered_display": "75"}, "missing_lines": [86], "excluded_lines": [], "start_line": 78}, "passwordless_start": {"executed_lines": [93, 94, 95, 96, 97, 98, 99, 100, 101, 102], "summary": {"covered_lines": 10, "num_statements": 10, "percent_covered": 100.0, "percent_covered_display": "100", "missing_lines": 0, "excluded_lines": 0, "percent_statements_covered": 100.0, "percent_statements_covered_display": "100"}, "missing_lines": [], "excluded_lines": [], "start_line": 91}, "passwordless_verify": {"executed_lines": [113, 115, 117, 118, 119, 120, 121, 127, 133, 134, 142, 144, 145, 147, 148, 154, 159, 160, 166, 171, 172, 173, 174, 176, 177, 178, 180, 181, 188], "summary": {"covered_lines": 29, "num_statements": 32, "percent_covered": 90.625, "percent_covered_display": "91", "missing_lines": 3, "excluded_lines": 0, "percent_statements_covered": 90.625, "percent_statements_covered_display": "91"}, "missing_lines": [135, 136, 137], "excluded_lines": [], "start_line": 106}, "refresh_token": {"executed_lines": [210, 211, 212, 213, 215, 216, 217, 218, 220, 221, 222, 224, 225, 227, 228, 231, 232, 233, 235, 236, 237, 239, 246], "summary": {"covered_lines": 23, "num_statements": 23, "percent_covered": 100.0, "percent_covered_display": "100", "missing_lines": 0, "excluded_lines": 0, "percent_statements_covered": 100.0, "percent_statements_covered_display": "100"}, "missing_lines": [], "excluded_lines": [], "start_line": 200}, "get_auth_role": {"executed_lines": [260], "summary": {"covered_lines": 1, "num_statements": 1, "percent_covered": 100.0, "percent_covered_display": "100", "missing_lines": 0, "excluded_lines": 0, "percent_statements_covered": 100.0, "percent_statements_covered_display": "100"}, "missing_lines": [], "excluded_lines": [], "start_line": 258}, "logout": {"executed_lines": [271, 273, 274, 276, 277, 278, 279, 280, 282, 283, 284, 286, 292, 293, 295, 296, 297], "summary": {"covered_lines": 17, "num_statements": 17, "percent_covered": 100.0, "percent_covered_display": "100", "missing_lines": 0, "excluded_lines": 0, "percent_statements_covered": 100.0, "percent_statements_covered_display": "100"}, "missing_lines": [], "excluded_lines": [], "start_line": 269}, "": {"executed_lines": [12, 13, 14, 15, 17, 18, 19, 20, 21, 23, 24, 25, 27, 28, 29, 30, 31, 32, 34, 36, 39, 43, 48, 63, 78, 90, 91, 105, 106, 199, 200, 257, 258, 268, 269], "summary": {"covered_lines": 35, "num_statements": 35, "percent_covered": 100.0, "percent_covered_display": "100", "missing_lines": 0, "excluded_lines": 0, "percent_statements_covered": 100.0, "percent_statements_covered_display": "100"}, "missing_lines": [], "excluded_lines": [], "start_line": 1}}, "classes": {"StartRequest": {"executed_lines": [], "summary": {"covered_lines": 0, "num_statements": 0, "percent_covered": 100.0, "percent_covered_display": "100", "missing_lines": 0, "excluded_lines": 0, "percent_statements_covered": 100.0, "percent_statements_covered_display": "100"}, "missing_lines": [], "excluded_lines": [], "start_line": 39}, "VerifyRequest": {"executed_lines": [], "summary": {"covered_lines": 0, "num_statements": 0, "percent_covered": 100.0, "percent_covered_display": "100", "missing_lines": 0, "excluded_lines": 0, "percent_statements_covered": 100.0, "percent_statements_covered_display": "100"}, "missing_lines": [], "excluded_lines": [], "start_line": 43}, "": {"executed_lines": [12, 13, 14, 15, 17, 18, 19, 20, 21, 23, 24, 25, 27, 28, 29, 30, 31, 32, 34, 36, 39, 43, 48, 54, 55, 63, 65, 66, 67, 75, 78, 84, 85, 87, 90, 91, 93, 94, 95, 96, 97, 98, 99, 100, 101, 102, 105, 106, 113, 115, 117, 118, 119, 120, 121, 127, 133, 134, 142, 144, 145, 147, 148, 154, 159, 160, 166, 171, 172, 173, 174, 176, 177, 178, 180, 181, 188, 199, 200, 210, 211, 212, 213, 215, 216, 217, 218, 220, 221, 222, 224, 225, 227, 228, 231, 232, 233, 235, 236, 237, 239, 246, 257, 258, 260, 268, 269, 271, 273, 274, 276, 277, 278, 279, 280, 282, 283, 284, 286, 292, 293, 295, 296, 297], "summary": {"covered_lines": 124, "num_statements": 128, "percent_covered": 96.875, "percent_covered_display": "97", "missing_lines": 4, "excluded_lines": 0, "percent_statements_covered": 96.875, "percent_statements_covered_display": "97"}, "missing_lines": [86, 135, 136, 137], "excluded_lines": [], "start_line": 1}}}, "app\\auth\\token_blocklist.py": {"executed_lines": [12, 14, 15, 17, 19, 23, 26, 33, 35, 36, 37, 38, 39, 40, 41, 43, 44, 45, 48, 54, 55, 57, 58, 59, 60, 62, 63, 64, 65, 66, 67, 70, 75, 76, 77, 79, 80, 81, 82, 83, 84, 85], "summary": {"covered_lines": 42, "num_statements": 44, "percent_covered": 95.45454545454545, "percent_covered_display": "95", "missing_lines": 2, "excluded_lines": 0, "percent_statements_covered": 95.45454545454545, "percent_statements_covered_display": "95"}, "missing_lines": [34, 42], "excluded_lines": [], "functions": {"_get_redis": {"executed_lines": [33, 35, 36, 37, 38, 39, 40, 41, 43, 44, 45], "summary": {"covered_lines": 11, "num_statements": 13, "percent_covered": 84.61538461538461, "percent_covered_display": "85", "missing_lines": 2, "excluded_lines": 0, "percent_statements_covered": 84.61538461538461, "percent_statements_covered_display": "85"}, "missing_lines": [34, 42], "excluded_lines": [], "start_line": 26}, "block_token": {"executed_lines": [54, 55, 57, 58, 59, 60, 62, 63, 64, 65, 66, 67], "summary": {"covered_lines": 12, "num_statements": 12, "percent_covered": 100.0, "percent_covered_display": "100", "missing_lines": 0, "excluded_lines": 0, "percent_statements_covered": 100.0, "percent_statements_covered_display": "100"}, "missing_lines": [], "excluded_lines": [], "start_line": 48}, "is_token_blocked": {"executed_lines": [75, 76, 77, 79, 80, 81, 82, 83, 84, 85], "summary": {"covered_lines": 10, "num_statements": 10, "percent_covered": 100.0, "percent_covered_display": "100", "missing_lines": 0, "excluded_lines": 0, "percent_statements_covered": 100.0, "percent_statements_covered_display": "100"}, "missing_lines": [], "excluded_lines": [], "start_line": 70}, "": {"executed_lines": [12, 14, 15, 17, 19, 23, 26, 48, 70], "summary": {"covered_lines": 9, "num_statements": 9, "percent_covered": 100.0, "percent_covered_display": "100", "missing_lines": 0, "excluded_lines": 0, "percent_statements_covered": 100.0, "percent_statements_covered_display": "100"}, "missing_lines": [], "excluded_lines": [], "start_line": 1}}, "classes": {"": {"executed_lines": [12, 14, 15, 17, 19, 23, 26, 33, 35, 36, 37, 38, 39, 40, 41, 43, 44, 45, 48, 54, 55, 57, 58, 59, 60, 62, 63, 64, 65, 66, 67, 70, 75, 76, 77, 79, 80, 81, 82, 83, 84, 85], "summary": {"covered_lines": 42, "num_statements": 44, "percent_covered": 95.45454545454545, "percent_covered_display": "95", "missing_lines": 2, "excluded_lines": 0, "percent_statements_covered": 95.45454545454545, "percent_statements_covered_display": "95"}, "missing_lines": [34, 42], "excluded_lines": [], "start_line": 1}}}}, "totals": {"covered_lines": 418, "num_statements": 478, "percent_covered": 87.44769874476988, "percent_covered_display": "87", "missing_lines": 60, "excluded_lines": 0, "percent_statements_covered": 87.44769874476988, "percent_statements_covered_display": "87"}}